<?xml version="1.0" encoding="UTF-8"?>
<!-- Generated by org.testng.reporters.JUnitReportReporter -->
<testsuite hostname="LAPTOP-ETMNRLTD" failures="0" tests="3" name="DemoTest.Log4j.dataprovider" time="25.444" errors="0" timestamp="2025-07-14T17:17:31 IST" skipped="0">
  <testcase classname="DemoTest.Log4j.dataprovider" name="enterData" time="8.527"/>
  <testcase classname="DemoTest.Log4j.dataprovider" name="enterData" time="8.433"/>
  <testcase classname="DemoTest.Log4j.dataprovider" name="enterData" time="8.484"/>
</testsuite> <!-- DemoTest.Log4j.dataprovider -->
